<?xml version="1.0" encoding="UTF-8"?>
<!-- Generated by org.testng.reporters.JUnitXMLReporter -->
<testsuite ignored="4" hostname="sravankumar" failures="0" tests="2" name="RunMultiClassFailed(failed)" time="0.032" errors="0" timestamp="2024-04-05T23:16:01 IST">
  <testcase classname="P05_RunOnlyFailedTest.Class2" name="Telangana" time="0.007"/>
  <testcase classname="P05_RunOnlyFailedTest.Class1" name="India" time="0.0"/>
  <testcase classname="P05_RunOnlyFailedTest.Class1" name="Countries" time="0.0">
    <ignored/>
  </testcase> <!-- Countries -->
  <testcase classname="P05_RunOnlyFailedTest.Class2" name="StateCount" time="0.0">
    <ignored/>
  </testcase> <!-- StateCount -->
  <testcase classname="P05_RunOnlyFailedTest.Class2" name="India" time="0.0">
    <ignored/>
  </testcase> <!-- India -->
  <testcase classname="P05_RunOnlyFailedTest.Class1" name="BorderWith" time="0.0">
    <ignored/>
  </testcase> <!-- BorderWith -->
</testsuite> <!-- RunMultiClassFailed(failed) -->
