<?xml version="1.0" encoding="UTF-8"?>
<!-- Generated by org.testng.reporters.JUnitXMLReporter -->
<testsuite ignored="0" hostname="sravankumar" failures="2" tests="9" name="RunMultipleClass" time="0.046" errors="0" timestamp="2024-04-04T22:57:27 IST">
  <testcase classname="P02RunMultiClasses.Class1" name="BorderWith" time="0.009"/>
  <testcase classname="P02RunMultiClasses.Class1" name="Countries" time="0.002"/>
  <testcase classname="P02RunMultiClasses.Class1" name="India" time="0.001">
    <failure type="java.lang.AssertionError" message="expected [Bharath] but found [India]">
      <![CDATA[java.lang.AssertionError: expected [Bharath] but found [India]
at P02RunMultiClasses.Class1.India(Class1.java:14)
at java.base/java.util.ArrayList.forEach(ArrayList.java:1511)
... Removed 31 stack frames]]>
    </failure>
  </testcase> <!-- India -->
  <testcase classname="P02RunMultiClasses.Class3" name="DistrictCount" time="0.002"/>
  <testcase classname="P02RunMultiClasses.Class3" name="TSBorders" time="0.0"/>
  <testcase classname="P02RunMultiClasses.Class3" name="Telangana" time="0.0"/>
  <testcase classname="P02RunMultiClasses.Class2" name="India" time="0.003"/>
  <testcase classname="P02RunMultiClasses.Class2" name="StateCount" time="0.0"/>
  <testcase classname="P02RunMultiClasses.Class2" name="Telangana" time="0.0">
    <failure type="java.lang.AssertionError" message="expected [TS] but found [TG]">
      <![CDATA[java.lang.AssertionError: expected [TS] but found [TG]
at P02RunMultiClasses.Class2.Telangana(Class2.java:18)
at java.base/java.util.ArrayList.forEach(ArrayList.java:1511)
... Removed 31 stack frames]]>
    </failure>
  </testcase> <!-- Telangana -->
</testsuite> <!-- RunMultipleClass -->
