<?xml version="1.0" encoding="UTF-8"?>
<!-- Generated by org.testng.reporters.JUnitXMLReporter -->
<testsuite ignored="3" hostname="sravankumar" failures="1" tests="6" name="RunMultiClassesGroupBy" time="0.103" errors="0" timestamp="2024-04-04T23:46:33 IST">
  <testcase classname="P03RunMultiClass_GroupBy.Class3" name="DistrictCount3" time="0.02"/>
  <testcase classname="P03RunMultiClass_GroupBy.Class3" name="Telangana3" time="0.002"/>
  <testcase classname="P03RunMultiClass_GroupBy.Class2" name="India2" time="0.003"/>
  <testcase classname="P03RunMultiClass_GroupBy.Class2" name="StateCount2" time="0.001"/>
  <testcase classname="P03RunMultiClass_GroupBy.Class1" name="Countries1" time="0.001"/>
  <testcase classname="P03RunMultiClass_GroupBy.Class1" name="India1" time="0.003">
    <failure type="java.lang.AssertionError" message="expected [Bharath] but found [India]">
      <![CDATA[java.lang.AssertionError: expected [Bharath] but found [India]
at P03RunMultiClass_GroupBy.Class1.India1(Class1.java:15)
at java.base/java.util.ArrayList.forEach(ArrayList.java:1511)
... Removed 31 stack frames]]>
    </failure>
  </testcase> <!-- India1 -->
  <testcase classname="P03RunMultiClass_GroupBy.Class3" name="TSBorders3" time="0.0">
    <ignored/>
  </testcase> <!-- TSBorders3 -->
  <testcase classname="P03RunMultiClass_GroupBy.Class2" name="Telangana2" time="0.0">
    <ignored/>
  </testcase> <!-- Telangana2 -->
  <testcase classname="P03RunMultiClass_GroupBy.Class1" name="BorderWith1" time="0.0">
    <ignored/>
  </testcase> <!-- BorderWith1 -->
</testsuite> <!-- RunMultiClassesGroupBy -->
