<?xml version="1.0" encoding="UTF-8"?>
<!-- Generated by org.testng.reporters.JUnitXMLReporter -->
<testsuite ignored="6" hostname="sravankumar" failures="0" tests="3" name="RunRequiredTestClassOnly" time="0.034" errors="0" timestamp="2024-04-06T00:17:41 IST">
  <testcase classname="P06_RunRequiredTestCasesOnly.Class1" name="Countries" time="0.008"/>
  <testcase classname="P06_RunRequiredTestCasesOnly.Class2" name="India" time="0.002"/>
  <testcase classname="P06_RunRequiredTestCasesOnly.Class3" name="Telangana" time="0.001"/>
  <testcase classname="P06_RunRequiredTestCasesOnly.Class2" name="Telangana" time="0.0">
    <ignored/>
  </testcase> <!-- Telangana -->
  <testcase classname="P06_RunRequiredTestCasesOnly.Class3" name="DistrictCount" time="0.0">
    <ignored/>
  </testcase> <!-- DistrictCount -->
  <testcase classname="P06_RunRequiredTestCasesOnly.Class3" name="TSBorders" time="0.0">
    <ignored/>
  </testcase> <!-- TSBorders -->
  <testcase classname="P06_RunRequiredTestCasesOnly.Class2" name="StateCount" time="0.0">
    <ignored/>
  </testcase> <!-- StateCount -->
  <testcase classname="P06_RunRequiredTestCasesOnly.Class1" name="BorderWith" time="0.0">
    <ignored/>
  </testcase> <!-- BorderWith -->
  <testcase classname="P06_RunRequiredTestCasesOnly.Class1" name="India" time="0.0">
    <ignored/>
  </testcase> <!-- India -->
</testsuite> <!-- RunRequiredTestClassOnly -->
