<?xml version="1.0" encoding="UTF-8"?>
<!-- Generated by org.testng.reporters.JUnitXMLReporter -->
<testsuite ignored="0" hostname="sravankumar" failures="1" tests="6" name="Test" time="0.083" errors="0" timestamp="2024-04-03T23:06:22 IST">
  <testcase classname="TestNgPack.V1_TestAnnotation_Chk" name="TestCase1" time="0.015"/>
  <testcase classname="TestNgPack.V1_TestAnnotation_Chk" name="TestCase2" time="0.001"/>
  <testcase classname="TestNgPack.V3_Assert_Chk" name="China" time="0.005">
    <failure type="java.lang.AssertionError" message="expected [Chiny] but found [China]">
      <![CDATA[java.lang.AssertionError: expected [Chiny] but found [China]
at TestNgPack.V3_Assert_Chk.China(V3_Assert_Chk.java:14)
at java.base/java.util.ArrayList.forEach(ArrayList.java:1511)
... Removed 31 stack frames]]>
    </failure>
  </testcase> <!-- China -->
  <testcase classname="TestNgPack.V3_Assert_Chk" name="Russia" time="0.001"/>
  <testcase classname="TestNgPack.V2_Verify_Chk" name="Moon" time="0.001"/>
  <testcase classname="TestNgPack.V2_Verify_Chk" name="Sun" time="0.002"/>
</testsuite> <!-- Test -->
