<?xml version="1.0" encoding="UTF-8"?>
<testng-results ignored="6" total="9" passed="3" failed="0" skipped="0">
  <reporter-output>
  </reporter-output>
  <suite started-at="2024-04-06T00:17:41 IST" name="Suite" finished-at="2024-04-06T00:17:41 IST" duration-ms="34">
    <groups>
    </groups>
    <test started-at="2024-04-06T00:17:41 IST" name="RunRequiredTestClassOnly" finished-at="2024-04-06T00:17:41 IST" duration-ms="34">
      <class name="P06_RunRequiredTestCasesOnly.Class2">
        <test-method signature="India()[pri:0, instance:P06_RunRequiredTestCasesOnly.Class2@5f058f00]" started-at="2024-04-06T00:17:41 IST" name="India" finished-at="2024-04-06T00:17:41 IST" duration-ms="2" status="PASS">
          <reporter-output>
          </reporter-output>
        </test-method> <!-- India -->
      </class> <!-- P06_RunRequiredTestCasesOnly.Class2 -->
      <class name="P06_RunRequiredTestCasesOnly.Class3">
        <test-method signature="Telangana()[pri:0, instance:P06_RunRequiredTestCasesOnly.Class3@192d43ce]" started-at="2024-04-06T00:17:41 IST" name="Telangana" finished-at="2024-04-06T00:17:41 IST" duration-ms="1" status="PASS">
          <reporter-output>
          </reporter-output>
        </test-method> <!-- Telangana -->
      </class> <!-- P06_RunRequiredTestCasesOnly.Class3 -->
      <class name="P06_RunRequiredTestCasesOnly.Class1">
        <test-method signature="Countries()[pri:0, instance:P06_RunRequiredTestCasesOnly.Class1@5119fb47]" started-at="2024-04-06T00:17:41 IST" name="Countries" finished-at="2024-04-06T00:17:41 IST" duration-ms="8" status="PASS">
          <reporter-output>
          </reporter-output>
        </test-method> <!-- Countries -->
      </class> <!-- P06_RunRequiredTestCasesOnly.Class1 -->
    </test> <!-- RunRequiredTestClassOnly -->
  </suite> <!-- Suite -->
</testng-results>
